<?xml version="1.0" encoding="UTF-8"?>
<!-- Generated by org.testng.reporters.JUnitReportReporter -->
<testsuite hostname="LAPTOP-I8RMJPLS" failures="0" tests="6" name="com.aff.testRunner.TestRunner" time="103.308" errors="0" timestamp="2022-07-25T10:27:09 IST" skipped="0">
  <testcase classname="com.aff.testRunner.TestRunner" name="runScenario" time="16.016"/>
  <system-out/>
  <testcase classname="com.aff.testRunner.TestRunner" name="runScenario" time="16.999"/>
  <system-out/>
  <testcase classname="com.aff.testRunner.TestRunner" name="runScenario" time="27.417"/>
  <system-out/>
  <testcase classname="com.aff.testRunner.TestRunner" name="runScenario" time="13.112"/>
  <system-out/>
  <testcase classname="com.aff.testRunner.TestRunner" name="runScenario" time="15.628"/>
  <system-out/>
  <testcase classname="com.aff.testRunner.TestRunner" name="runScenario" time="14.136"/>
  <system-out/>
</testsuite> <!-- com.aff.testRunner.TestRunner -->
